  Main.cpp
f:\interview preparation\helloworld\helloworld\main.cpp(43): error C2131: expression did not evaluate to a constant
  f:\interview preparation\helloworld\helloworld\main.cpp(43): note: failure was caused by non-constant arguments or reference to a non-constant symbol
  f:\interview preparation\helloworld\helloworld\main.cpp(43): note: see usage of 'n'
f:\interview preparation\helloworld\helloworld\main.cpp(48): error C3863: array type 'int [n]' is not assignable
f:\interview preparation\helloworld\helloworld\main.cpp(66): error C2131: expression did not evaluate to a constant
  f:\interview preparation\helloworld\helloworld\main.cpp(66): note: failure was caused by non-constant arguments or reference to a non-constant symbol
  f:\interview preparation\helloworld\helloworld\main.cpp(66): note: see usage of 'm'
f:\interview preparation\helloworld\helloworld\main.cpp(71): error C3863: array type 'int [m+][n+]' is not assignable
f:\interview preparation\helloworld\helloworld\main.cpp(74): error C3863: array type 'int [m+][n+]' is not assignable
f:\interview preparation\helloworld\helloworld\main.cpp(77): error C2664: 'int max(int,int)': cannot convert argument 1 from 'int [m+][n+]' to 'int'
  f:\interview preparation\helloworld\helloworld\main.cpp(77): note: There is no context in which this conversion is possible
f:\interview preparation\helloworld\helloworld\main.cpp(81): error C2440: 'return': cannot convert from 'int [m+][n+]' to 'int'
  f:\interview preparation\helloworld\helloworld\main.cpp(81): note: There is no context in which this conversion is possible
f:\interview preparation\helloworld\helloworld\main.cpp(94): error C2131: expression did not evaluate to a constant
  f:\interview preparation\helloworld\helloworld\main.cpp(94): note: failure was caused by non-constant arguments or reference to a non-constant symbol
  f:\interview preparation\helloworld\helloworld\main.cpp(94): note: see usage of 'm'
f:\interview preparation\helloworld\helloworld\main.cpp(96): error C3863: array type 'int [m+][n+]' is not assignable
f:\interview preparation\helloworld\helloworld\main.cpp(98): error C3863: array type 'int [m+][n+]' is not assignable
f:\interview preparation\helloworld\helloworld\main.cpp(101): error C3863: array type 'int [m+][n+]' is not assignable
f:\interview preparation\helloworld\helloworld\main.cpp(106): error C2664: 'int min(int,int)': cannot convert argument 1 from 'int [m+][n+]' to 'int'
  f:\interview preparation\helloworld\helloworld\main.cpp(106): note: There is no context in which this conversion is possible
f:\interview preparation\helloworld\helloworld\main.cpp(106): error C2660: 'min': function does not take 1 arguments
f:\interview preparation\helloworld\helloworld\main.cpp(109): error C2440: 'return': cannot convert from 'int [m+][n+]' to 'int'
  f:\interview preparation\helloworld\helloworld\main.cpp(109): note: There is no context in which this conversion is possible
f:\interview preparation\helloworld\helloworld\main.cpp(119): error C2131: expression did not evaluate to a constant
  f:\interview preparation\helloworld\helloworld\main.cpp(119): note: failure was caused by non-constant arguments or reference to a non-constant symbol
  f:\interview preparation\helloworld\helloworld\main.cpp(119): note: see usage of 'money'
f:\interview preparation\helloworld\helloworld\main.cpp(120): error C3863: array type 'int [money+]' is not assignable
f:\interview preparation\helloworld\helloworld\main.cpp(127): error C2440: 'return': cannot convert from 'int [money+]' to 'int'
  f:\interview preparation\helloworld\helloworld\main.cpp(127): note: There is no context in which this conversion is possible
f:\interview preparation\helloworld\helloworld\main.cpp(142): error C2131: expression did not evaluate to a constant
  f:\interview preparation\helloworld\helloworld\main.cpp(142): note: failure was caused by non-constant arguments or reference to a non-constant symbol
  f:\interview preparation\helloworld\helloworld\main.cpp(142): note: see usage of 'n'
f:\interview preparation\helloworld\helloworld\main.cpp(147): error C3863: array type 'int [n+][weight+]' is not assignable
f:\interview preparation\helloworld\helloworld\main.cpp(150): error C2664: 'int max(int,int)': cannot convert argument 1 from 'int [n+][weight+]' to 'int'
  f:\interview preparation\helloworld\helloworld\main.cpp(150): note: There is no context in which this conversion is possible
f:\interview preparation\helloworld\helloworld\main.cpp(153): error C3863: array type 'int [n+][weight+]' is not assignable
f:\interview preparation\helloworld\helloworld\main.cpp(157): error C2440: 'return': cannot convert from 'int [n+][weight+]' to 'int'
  f:\interview preparation\helloworld\helloworld\main.cpp(157): note: There is no context in which this conversion is possible
f:\interview preparation\helloworld\helloworld\main.cpp(164): error C2131: expression did not evaluate to a constant
  f:\interview preparation\helloworld\helloworld\main.cpp(164): note: failure was caused by non-constant arguments or reference to a non-constant symbol
  f:\interview preparation\helloworld\helloworld\main.cpp(164): note: see usage of 'n'
f:\interview preparation\helloworld\helloworld\main.cpp(165): error C4996: 'strcpy': This function or variable may be unsafe. Consider using strcpy_s instead. To disable deprecation, use _CRT_SECURE_NO_WARNINGS. See online help for details.
  c:\program files (x86)\windows kits\10\include\10.0.10240.0\ucrt\string.h(119): note: see declaration of 'strcpy'
f:\interview preparation\helloworld\helloworld\main.cpp(177): error C2131: expression did not evaluate to a constant
  f:\interview preparation\helloworld\helloworld\main.cpp(177): note: failure was caused by non-constant arguments or reference to a non-constant symbol
  f:\interview preparation\helloworld\helloworld\main.cpp(177): note: see usage of 'n'
f:\interview preparation\helloworld\helloworld\main.cpp(183): error C2664: 'int max(int,int)': cannot convert argument 1 from 'int [n+]' to 'int'
  f:\interview preparation\helloworld\helloworld\main.cpp(183): note: There is no context in which this conversion is possible
f:\interview preparation\helloworld\helloworld\main.cpp(185): error C3863: array type 'int [n+]' is not assignable
f:\interview preparation\helloworld\helloworld\main.cpp(187): error C2440: 'return': cannot convert from 'int [n+]' to 'int'
  f:\interview preparation\helloworld\helloworld\main.cpp(187): note: There is no context in which this conversion is possible
f:\interview preparation\helloworld\helloworld\main.cpp(197): error C2131: expression did not evaluate to a constant
  f:\interview preparation\helloworld\helloworld\main.cpp(197): note: failure was caused by non-constant arguments or reference to a non-constant symbol
  f:\interview preparation\helloworld\helloworld\main.cpp(197): note: see usage of 'n'
f:\interview preparation\helloworld\helloworld\main.cpp(199): error C3863: array type 'int [n+]' is not assignable
f:\interview preparation\helloworld\helloworld\main.cpp(205): error C3863: array type 'int [n+]' is not assignable
f:\interview preparation\helloworld\helloworld\main.cpp(224): error C2131: expression did not evaluate to a constant
  f:\interview preparation\helloworld\helloworld\main.cpp(224): note: failure was caused by non-constant arguments or reference to a non-constant symbol
  f:\interview preparation\helloworld\helloworld\main.cpp(224): note: see usage of 'n'
f:\interview preparation\helloworld\helloworld\main.cpp(229): error C3863: array type 'int [n]' is not assignable
f:\interview preparation\helloworld\helloworld\main.cpp(234): error C2131: expression did not evaluate to a constant
  f:\interview preparation\helloworld\helloworld\main.cpp(234): note: failure was caused by non-constant arguments or reference to a non-constant symbol
  f:\interview preparation\helloworld\helloworld\main.cpp(234): note: see usage of 'n'
f:\interview preparation\helloworld\helloworld\main.cpp(239): error C3863: array type 'int [n]' is not assignable
f:\interview preparation\helloworld\helloworld\main.cpp(246): error C2664: 'int max(int,int)': cannot convert argument 2 from 'int [n]' to 'int'
  f:\interview preparation\helloworld\helloworld\main.cpp(246): note: There is no context in which this conversion is possible
f:\interview preparation\helloworld\helloworld\main.cpp(260): error C2131: expression did not evaluate to a constant
  f:\interview preparation\helloworld\helloworld\main.cpp(260): note: failure was caused by non-constant arguments or reference to a non-constant symbol
  f:\interview preparation\helloworld\helloworld\main.cpp(260): note: see usage of 'n'
f:\interview preparation\helloworld\helloworld\main.cpp(264): error C3863: array type 'bool [n][n]' is not assignable
f:\interview preparation\helloworld\helloworld\main.cpp(271): error C3863: array type 'bool [n][n]' is not assignable
f:\interview preparation\helloworld\helloworld\main.cpp(274): error C3863: array type 'bool [n][n]' is not assignable
f:\interview preparation\helloworld\helloworld\main.cpp(279): error C2131: expression did not evaluate to a constant
  f:\interview preparation\helloworld\helloworld\main.cpp(279): note: failure was caused by non-constant arguments or reference to a non-constant symbol
  f:\interview preparation\helloworld\helloworld\main.cpp(279): note: see usage of 'n'
f:\interview preparation\helloworld\helloworld\main.cpp(282): error C3863: array type 'int [n]' is not assignable
f:\interview preparation\helloworld\helloworld\main.cpp(285): error C3863: array type 'int [n]' is not assignable
f:\interview preparation\helloworld\helloworld\main.cpp(288): error C3863: array type 'int [n]' is not assignable
f:\interview preparation\helloworld\helloworld\main.cpp(293): error C2440: 'return': cannot convert from 'int [n]' to 'int'
  f:\interview preparation\helloworld\helloworld\main.cpp(293): note: There is no context in which this conversion is possible
f:\interview preparation\helloworld\helloworld\main.cpp(307): error C2131: expression did not evaluate to a constant
  f:\interview preparation\helloworld\helloworld\main.cpp(307): note: failure was caused by non-constant arguments or reference to a non-constant symbol
  f:\interview preparation\helloworld\helloworld\main.cpp(307): note: see usage of 'n'
f:\interview preparation\helloworld\helloworld\main.cpp(309): error C3863: array type 'int [n]' is not assignable
f:\interview preparation\helloworld\helloworld\main.cpp(314): error C2664: 'int min(int,int)': cannot convert argument 1 from 'int [n]' to 'int'
  f:\interview preparation\helloworld\helloworld\main.cpp(314): note: There is no context in which this conversion is possible
f:\interview preparation\helloworld\helloworld\main.cpp(319): error C2440: 'return': cannot convert from 'int [n]' to 'int'
  f:\interview preparation\helloworld\helloworld\main.cpp(319): note: There is no context in which this conversion is possible
f:\interview preparation\helloworld\helloworld\main.cpp(327): error C2131: expression did not evaluate to a constant
  f:\interview preparation\helloworld\helloworld\main.cpp(327): note: failure was caused by non-constant arguments or reference to a non-constant symbol
  f:\interview preparation\helloworld\helloworld\main.cpp(327): note: see usage of 'n'
f:\interview preparation\helloworld\helloworld\main.cpp(328): error C3863: array type 'int [n]' is not assignable
f:\interview preparation\helloworld\helloworld\main.cpp(333): error C3863: array type 'int [n]' is not assignable
f:\interview preparation\helloworld\helloworld\main.cpp(357): error C2131: expression did not evaluate to a constant
  f:\interview preparation\helloworld\helloworld\main.cpp(357): note: failure was caused by non-constant arguments or reference to a non-constant symbol
  f:\interview preparation\helloworld\helloworld\main.cpp(357): note: see usage of 'm'
f:\interview preparation\helloworld\helloworld\main.cpp(360): error C3863: array type 'int [m][n]' is not assignable
f:\interview preparation\helloworld\helloworld\main.cpp(363): error C3863: array type 'int [m][n]' is not assignable
f:\interview preparation\helloworld\helloworld\main.cpp(369): error C2664: 'int min(int,int)': cannot convert argument 1 from 'int [m][n]' to 'int'
  f:\interview preparation\helloworld\helloworld\main.cpp(369): note: There is no context in which this conversion is possible
f:\interview preparation\helloworld\helloworld\main.cpp(369): error C2660: 'min': function does not take 1 arguments
f:\interview preparation\helloworld\helloworld\main.cpp(372): error C3863: array type 'int [m][n]' is not assignable
f:\interview preparation\helloworld\helloworld\main.cpp(378): error C2440: 'initializing': cannot convert from 'int [m][n]' to 'int'
  f:\interview preparation\helloworld\helloworld\main.cpp(378): note: There is no context in which this conversion is possible
f:\interview preparation\helloworld\helloworld\main.cpp(405): error C2131: expression did not evaluate to a constant
  f:\interview preparation\helloworld\helloworld\main.cpp(405): note: failure was caused by non-constant arguments or reference to a non-constant symbol
  f:\interview preparation\helloworld\helloworld\main.cpp(405): note: see usage of 'n'
f:\interview preparation\helloworld\helloworld\main.cpp(410): error C3863: array type 'bool [n][n]' is not assignable
f:\interview preparation\helloworld\helloworld\main.cpp(417): error C3863: array type 'bool [n][n]' is not assignable
f:\interview preparation\helloworld\helloworld\main.cpp(427): error C3863: array type 'bool [n][n]' is not assignable
f:\interview preparation\helloworld\helloworld\main.cpp(434): error C3863: array type 'bool [n][n]' is not assignable
f:\interview preparation\helloworld\helloworld\main.cpp(439): error C2131: expression did not evaluate to a constant
  f:\interview preparation\helloworld\helloworld\main.cpp(439): note: failure was caused by non-constant arguments or reference to a non-constant symbol
  f:\interview preparation\helloworld\helloworld\main.cpp(439): note: see usage of 'max_len'
f:\interview preparation\helloworld\helloworld\main.cpp(441): error C3863: array type 'char [max_len+]' is not assignable
f:\interview preparation\helloworld\helloworld\main.cpp(440): error C4996: 'strncpy': This function or variable may be unsafe. Consider using strncpy_s instead. To disable deprecation, use _CRT_SECURE_NO_WARNINGS. See online help for details.
  c:\program files (x86)\windows kits\10\include\10.0.10240.0\ucrt\string.h(346): note: see declaration of 'strncpy'
